<?xml version="1.0" encoding="UTF-8" ?>
<testsuite errors="0" failures="0" hostname="odp1305011" name="com.hillel.CalculatorTest" skipped="0" tests="1" time="0.057" timestamp="2017-11-05T12:20:50">
  <properties>
    <property name="ant.project.invoked-targets" value="test" />
    <property name="ant.file.type.calculator" value="file" />
    <property name="java.runtime.name" value="Java(TM) SE Runtime Environment" />
    <property name="sun.boot.library.path" value="C:\Program Files\Java\jdk1.8.0_131\jre\bin" />
    <property name="java.vm.version" value="25.131-b11" />
    <property name="ant.library.dir" value="C:\apache-ant-1.10.1\lib" />
    <property name="ant.version" value="Apache Ant(TM) version 1.10.1 compiled on February 2 2017" />
    <property name="ant.java.version" value="1.8" />
    <property name="java.vm.vendor" value="Oracle Corporation" />
    <property name="java.vendor.url" value="http://java.oracle.com/" />
    <property name="path.separator" value=";" />
    <property name="java.vm.name" value="Java HotSpot(TM) 64-Bit Server VM" />
    <property name="file.encoding.pkg" value="sun.io" />
    <property name="user.script" value="" />
    <property name="user.country" value="US" />
    <property name="sun.java.launcher" value="SUN_STANDARD" />
    <property name="sun.os.patch.level" value="" />
    <property name="java.vm.specification.name" value="Java Virtual Machine Specification" />
    <property name="user.dir" value="E:\build-tools\ant" />
    <property name="java.runtime.version" value="1.8.0_131-b11" />
    <property name="java.awt.graphicsenv" value="sun.awt.Win32GraphicsEnvironment" />
    <property name="basedir" value="E:\build-tools\ant" />
    <property name="java.endorsed.dirs" value="C:\Program Files\Java\jdk1.8.0_131\jre\lib\endorsed" />
    <property name="os.arch" value="amd64" />
    <property name="ant.project.default-target" value="jar" />
    <property name="java.io.tmpdir" value="C:\Users\SPARKH~1\AppData\Local\Temp\" />
    <property name="ant.core.lib" value="C:\apache-ant-1.10.1\lib\ant.jar" />
    <property name="line.separator" value="&#xd;&#xa;" />
    <property name="java.vm.specification.vendor" value="Oracle Corporation" />
    <property name="user.variant" value="" />
    <property name="os.name" value="Windows 10" />
    <property name="ant.home" value="C:\apache-ant-1.10.1\bin\.." />
    <property name="ant.file.calculator" value="E:\build-tools\ant\build-java.xml" />
    <property name="ant.project.name" value="calculator" />
    <property name="sun.jnu.encoding" value="Cp1251" />
    <property name="java.library.path" value="C:\Program Files\Java\jdk1.8.0_131\jre\bin;C:\WINDOWS\Sun\Java\bin;C:\WINDOWS\system32;C:\WINDOWS;C:\Program Files\Docker\Docker\Resources\bin;C:\ProgramData\Oracle\Java\javapath;C:\WINDOWS\system32;C:\WINDOWS;C:\WINDOWS\System32\Wbem;C:\WINDOWS\System32\WindowsPowerShell\v1.0\;C:\Program Files\PuTTY\;C:\Program Files\CMake\bin;C:\cygwin64\bin;C:\Program Files\Java\apache-maven-3.2.5\bin;C:\Program Files (x86)\Skype\Phone\;C:\Program Files\Amazon\AWSCLI\;C:\Program Files (x86)\Brackets\command;C:\Program Files\MySQL\MySQL Utilities 1.6\;C:\Program Files\Microsoft SQL Server\130\Tools\Binn\;C:\Program Files\dotnet\;C:\Program Files (x86)\Yarn\bin;C:\Program Files (x86)\Microsoft SQL Server\Client SDK\ODBC\130\Tools\Binn\;C:\Program Files (x86)\Microsoft SQL Server\140\Tools\Binn\;C:\Program Files (x86)\Microsoft SQL Server\140\DTS\Binn\;C:\Program Files (x86)\Microsoft SQL Server\140\Tools\Binn\ManagementStudio\;C:\Program Files (x86)\Windows Kits\8.1\Windows Performance Toolkit\;C:\Program Files\nodejs\;C:\Users\sparkhomenko\AppData\Local\Microsoft\WindowsApps;C:\Program Files (x86)\Nmap;C:\Applications\Atlassian\atlassian-plugin-sdk-6.2.14\bin;C:\Program Files (x86)\WiX Toolset v3.11\bin;C:\Python34;C:\Python34\Scripts;C:\Users\sparkhomenko\AppData\Roaming\Python\Scripts;C:\Users\sparkhomenko\AppData\Local\Programs\Fiddler;C:\Users\sparkhomenko\AppData\Local\Yarn\bin;C:\Users\sparkhomenko\AppData\Roaming\npm;C:\apache-ant-1.10.1\bin;." />
    <property name="java.class.version" value="52.0" />
    <property name="java.specification.name" value="Java Platform API Specification" />
    <property name="sun.management.compiler" value="HotSpot 64-Bit Tiered Compilers" />
    <property name="os.version" value="10.0" />
    <property name="ant.file" value="E:\build-tools\ant\build-java.xml" />
    <property name="user.home" value="C:\Users\sparkhomenko" />
    <property name="user.timezone" value="" />
    <property name="java.awt.printerjob" value="sun.awt.windows.WPrinterJob" />
    <property name="java.specification.version" value="1.8" />
    <property name="file.encoding" value="Cp1251" />
    <property name="user.name" value="sparkhomenko" />
    <property name="java.class.path" value="E:\build-tools\ant\lib\junit-4.12.jar;E:\build-tools\ant\lib\hamcrest-core-1.3.jar;E:\build-tools\ant\out\classes;C:\apache-ant-1.10.1\lib\ant-launcher.jar;C:\apache-ant-1.10.1\lib\ant.jar;C:\apache-ant-1.10.1\lib\ant-junit.jar;C:\apache-ant-1.10.1\lib\ant-junit4.jar" />
    <property name="java.vm.specification.version" value="1.8" />
    <property name="sun.java.command" value="org.apache.tools.ant.taskdefs.optional.junit.JUnitTestRunner com.hillel.CalculatorTest skipNonTests=false filtertrace=true haltOnError=false haltOnFailure=true formatter=org.apache.tools.ant.taskdefs.optional.junit.SummaryJUnitResultFormatter showoutput=true outputtoformatters=true logfailedtests=true threadid=0 logtestlistenerevents=false formatter=org.apache.tools.ant.taskdefs.optional.junit.XMLJUnitResultFormatter,E:\build-tools\ant\reports\TEST-com.hillel.CalculatorTest.xml crashfile=E:\build-tools\ant\junitvmwatcher2380098487369465529.properties propsfile=E:\build-tools\ant\junit5320158009799678880.properties" />
    <property name="sun.arch.data.model" value="64" />
    <property name="java.home" value="C:\Program Files\Java\jdk1.8.0_131\jre" />
    <property name="java.specification.vendor" value="Oracle Corporation" />
    <property name="user.language" value="en" />
    <property name="awt.toolkit" value="sun.awt.windows.WToolkit" />
    <property name="java.vm.info" value="mixed mode" />
    <property name="java.version" value="1.8.0_131" />
    <property name="java.ext.dirs" value="C:\Program Files\Java\jdk1.8.0_131\jre\lib\ext;C:\WINDOWS\Sun\Java\lib\ext" />
    <property name="sun.boot.class.path" value="C:\Program Files\Java\jdk1.8.0_131\jre\lib\resources.jar;C:\Program Files\Java\jdk1.8.0_131\jre\lib\rt.jar;C:\Program Files\Java\jdk1.8.0_131\jre\lib\sunrsasign.jar;C:\Program Files\Java\jdk1.8.0_131\jre\lib\jsse.jar;C:\Program Files\Java\jdk1.8.0_131\jre\lib\jce.jar;C:\Program Files\Java\jdk1.8.0_131\jre\lib\charsets.jar;C:\Program Files\Java\jdk1.8.0_131\jre\lib\jfr.jar;C:\Program Files\Java\jdk1.8.0_131\jre\classes" />
    <property name="sun.stderr.encoding" value="cp866" />
    <property name="java.vendor" value="Oracle Corporation" />
    <property name="file.separator" value="\" />
    <property name="java.vendor.url.bug" value="http://bugreport.sun.com/bugreport/" />
    <property name="sun.cpu.endian" value="little" />
    <property name="sun.io.unicode.encoding" value="UnicodeLittle" />
    <property name="sun.stdout.encoding" value="cp866" />
    <property name="ant.file.type" value="file" />
    <property name="sun.desktop" value="windows" />
    <property name="sun.cpu.isalist" value="amd64" />
  </properties>
  <testcase classname="com.hillel.CalculatorTest" name="testAddition" time="0.001" />
  <system-out><![CDATA[]]></system-out>
  <system-err><![CDATA[]]></system-err>
</testsuite>
